[johnsonb@irisd efitbuild]$ make 'FCOM=efitdpgf90' EFIT
pgf90 -Msave -c -byteswapio -Mpreprocess -Ktrap=divz psicald.f90
pgf90 -Msave -c -byteswapio -Mpreprocess -Ktrap=divz lsolved.f90
pgf90 -Msave -c -byteswapio -Mpreprocess -Ktrap=divz subs_d_pt_linux.f90
pgf90 -Msave -c -byteswapio -Mpreprocess -Ktrap=divz modules-efit.f90
pgf90 -Msave -c -byteswapio -Mpreprocess -Ktrap=divz bunemad.f90
pgf90 -Msave -c -byteswapio -Mpreprocess -Ktrap=divz getdiau.f90
pgf90 -Msave -c -byteswapio -Mpreprocess -Ktrap=divz getfnmdud.f90
pgf90 -Msave -c -byteswapio -Mpreprocess -Ktrap=divz ecom1-mods.f90
pgf90 -Msave -c -byteswapio -Mpreprocess -Ktrap=divz zplined.f90
pgf90 -Msave -c -byteswapio -Mpreprocess -Ktrap=divz dgglse.f90
pgf90 -Msave -c -byteswapio -Mpreprocess -Ktrap=divz ecom2-mods.f90
pgf90 -Msave -c -byteswapio -Mpreprocess -Ktrap=divz vas_sub1.f90
pgf90 -Msave -c -byteswapio -Mpreprocess -Ktrap=divz efitdud129.f90
pgf90 -Msave -c -byteswapio -Mpreprocess -Ktrap=divz boundud129.f90
pgf90 -Msave -c -byteswapio -Mpreprocess -Ktrap=divz chkeud129.f90
pgf90 -Msave -c -byteswapio -Mpreprocess -Ktrap=divz splineud129.f90
pgf90 -Msave -c -byteswapio -Mpreprocess -Ktrap=divz weqdud129.f90 -I/fusion/usc/opt/netcdf/netcdf-3.6.2-pgf
pgf90 -Msave -c -byteswapio -Mpreprocess -Ktrap=divz pltdatud129.f90
pgf90 -Msave -c -byteswapio -Mpreprocess -Ktrap=divz getecdud129.f90
pgf90 -Msave -c -byteswapio -Mpreprocess -Ktrap=divz getneud129.f90
pgf90 -Msave -c -byteswapio -Mpreprocess -Ktrap=divz ppbasisfuncud129.f90
pgf90 -Msave -c -byteswapio -Mpreprocess -Ktrap=divz ffbasisfuncud129.f90
pgf90 -Msave -c -byteswapio -Mpreprocess -Ktrap=divz wwbasisfuncud129.f90
pgf90 -Msave -c -byteswapio -Mpreprocess -Ktrap=divz tearingd129.f90
pgf90 -Msave -c -byteswapio -Mpreprocess -Ktrap=divz expdataud129.f90
pgf90 -Msave -c -byteswapio -Mpreprocess -Ktrap=divz lin-dp.f90
ar r lin-dp.a lin-dp.o
ar: creating lin-dp.a
ranlib lin-dp.a
(cd ../cerlib && make FC=efitdpgf90 -f Makefile64 mds_rg.a)
make[1]: Entering directory `/fusion/projects/codes/efit/dev/EFIT/cerlib'
pgf90 -g -Msave -c -Mbackslash -Ktrap=divz mds_rg.f90
pgf90 -g -Msave -c -Mbackslash -Ktrap=divz mds_mtanh.f90
pgf90 -g -Msave -c -Mbackslash -Ktrap=divz mds_mtanh_rdts.f90
ar r mds_rg.a mds_rg.o mds_mtanh.o mds_mtanh_rdts.o
ar: creating mds_rg.a
ranlib mds_rg.a
make[1]: Leaving directory `/fusion/projects/codes/efit/dev/EFIT/cerlib'
cp ../cerlib/mds_rg.a .
(cd ../cerlib && make clean)
make[1]: Entering directory `/fusion/projects/codes/efit/dev/EFIT/cerlib'
make[1]: Leaving directory `/fusion/projects/codes/efit/dev/EFIT/cerlib'
pgf90 -Bstatic_pgi -o EFIT psicald.o lsolved.o subs_d_pt_linux.o modules-efit.o bunemad.o getdiau.o getfnmdud.o ecom1-mods.o zplined.o dgglse.o ecom2-mods.o vas_sub1.o efitdud129.o boundud129.o chkeud129.o splineud129.o weqdud129.o pltdatud129.o getecdud129.o getneud129.o ppbasisfuncud129.o ffbasisfuncud129.o wwbasisfuncud129.o tearingd129.o expdataud129.o lin-dp.a mds_rg.a -rpath /fusion/usc/lib -rpath  /fusion/usc/src/mdsplus/mdsplus-stable_release-6-1-78/lib -L/usr/lib64 -lm /fusion/usc/opt/pgi/linux86-64/13.2/lib/libblas.a /fusion/usc/opt/pgi/linux86-64/13.2/lib/liblapack.a /fusion/usc/opt/netcdf/netcdf-3.6.2-pgf/lib/libnetcdff.a /fusion/usc/opt/netcdf/netcdf-3.6.2-pgf/lib/libnetcdf.a /fusion/usc/opt/hdf5/hdf5-1.8.14-gxx-4.4.7-pgf-13.2/lib/libhdf5.a /fusion/usc/opt/hdf5/hdf5-1.8.14-gxx-4.4.7-pgf-13.2/lib/libhdf5_hl.a /fusion/usc/opt/hdf5/hdf5-1.8.14-gxx-4.4.7-pgf-13.2/lib/libhdf5_cpp.a /fusion/projects/codes/mse/lib/libmse.a /fusion/usc/src/mdsplus/mdsplus-stable_release-6-1-78/lib/libMdsLib_client.so -L/fusion/usc/lib -ld3 -lcurl
Built executable : efitd90 ->  efitdefitdpgf90
